From: dispatch.center@btp.gov.in
To: enforcement.chamarajpet@btp.gov.in
Subject: [BTP DISPATCH] Daily Patrol Enforcement Schedule - Chamarajpet (Morning Shift)
Date: 2026-06-23 (IST)
========================================================================

Dear Patrol Officer-in-Charge (Chamarajpet Traffic Police Station),

The BTP Parking Violation Intelligence Pipeline has generated the daily patrol schedule
for your jurisdiction for the upcoming Morning shift. Please prepare enforcers for patrol.

Patrol Target Details:
------------------------------------------------------------------------
Rank  Coordinates           Risk Score  Expected Violations (M/E/N)   Asset Assigned      
------------------------------------------------------------------------
#30   (12.977, 77.571)      0.5387      M:525 | E:24 | N:455          Patrol Jeep         
#47   (12.968, 77.575)      0.4413      M:616 | E:5 | N:210           Patrol Jeep         
------------------------------------------------------------------------

Instructions:
1. Deploy patrols to the specified coordinate zones during the designated shift hours.
2. Focus enforcement on high-weight vehicle violations and intersections within the cells.
3. Patrol Unit Assigned: Patrol Jeep
4. Confirm patrol completion using the SCITA hand-held units.

Regards,
Bengaluru Traffic Police Command & Control Center
========================================================================


From: dispatch.center@btp.gov.in
To: enforcement.citymarket@btp.gov.in
Subject: [BTP DISPATCH] Daily Patrol Enforcement Schedule - City Market (Morning Shift)
Date: 2026-06-23 (IST)
========================================================================

Dear Patrol Officer-in-Charge (City Market Traffic Police Station),

The BTP Parking Violation Intelligence Pipeline has generated the daily patrol schedule
for your jurisdiction for the upcoming Morning shift. Please prepare enforcers for patrol.

Patrol Target Details:
------------------------------------------------------------------------
Rank  Coordinates           Risk Score  Expected Violations (M/E/N)   Asset Assigned      
------------------------------------------------------------------------
#7    (12.965, 77.576)      0.9103      M:1062 | E:18 | N:853         Interceptor Bike    
#17   (12.970, 77.576)      0.6322      M:1140 | E:10 | N:441         Interceptor Bike    
#33   (12.964, 77.578)      0.5240      M:744 | E:8 | N:228           Interceptor Bike    
------------------------------------------------------------------------

Instructions:
1. Deploy patrols to the specified coordinate zones during the designated shift hours.
2. Focus enforcement on high-weight vehicle violations and intersections within the cells.
3. Patrol Unit Assigned: Interceptor Bike
4. Confirm patrol completion using the SCITA hand-held units.

Regards,
Bengaluru Traffic Police Command & Control Center
========================================================================


From: dispatch.center@btp.gov.in
To: enforcement.citymarket@btp.gov.in
Subject: [BTP DISPATCH] Daily Patrol Enforcement Schedule - City Market (Night Shift)
Date: 2026-06-23 (IST)
========================================================================

Dear Patrol Officer-in-Charge (City Market Traffic Police Station),

The BTP Parking Violation Intelligence Pipeline has generated the daily patrol schedule
for your jurisdiction for the upcoming Night shift. Please prepare enforcers for patrol.

Patrol Target Details:
------------------------------------------------------------------------
Rank  Coordinates           Risk Score  Expected Violations (M/E/N)   Asset Assigned      
------------------------------------------------------------------------
#2    (12.964, 77.577)      1.6573      M:1238 | E:79 | N:2428        Interceptor Bike    
------------------------------------------------------------------------

Instructions:
1. Deploy patrols to the specified coordinate zones during the designated shift hours.
2. Focus enforcement on high-weight vehicle violations and intersections within the cells.
3. Patrol Unit Assigned: Interceptor Bike
4. Confirm patrol completion using the SCITA hand-held units.

Regards,
Bengaluru Traffic Police Command & Control Center
========================================================================


From: dispatch.center@btp.gov.in
To: enforcement.haloldairport@btp.gov.in
Subject: [BTP DISPATCH] Daily Patrol Enforcement Schedule - HAL Old Airport (Night Shift)
Date: 2026-06-23 (IST)
========================================================================

Dear Patrol Officer-in-Charge (HAL Old Airport Traffic Police Station),

The BTP Parking Violation Intelligence Pipeline has generated the daily patrol schedule
for your jurisdiction for the upcoming Night shift. Please prepare enforcers for patrol.

Patrol Target Details:
------------------------------------------------------------------------
Rank  Coordinates           Risk Score  Expected Violations (M/E/N)   Asset Assigned      
------------------------------------------------------------------------
#37   (12.934, 77.691)      0.5134      M:1626 | E:10 | N:1707        Interceptor Bike    
------------------------------------------------------------------------

Instructions:
1. Deploy patrols to the specified coordinate zones during the designated shift hours.
2. Focus enforcement on high-weight vehicle violations and intersections within the cells.
3. Patrol Unit Assigned: Interceptor Bike
4. Confirm patrol completion using the SCITA hand-held units.

Regards,
Bengaluru Traffic Police Command & Control Center
========================================================================


From: dispatch.center@btp.gov.in
To: enforcement.halasurugate@btp.gov.in
Subject: [BTP DISPATCH] Daily Patrol Enforcement Schedule - Halasuru Gate (Morning Shift)
Date: 2026-06-23 (IST)
========================================================================

Dear Patrol Officer-in-Charge (Halasuru Gate Traffic Police Station),

The BTP Parking Violation Intelligence Pipeline has generated the daily patrol schedule
for your jurisdiction for the upcoming Morning shift. Please prepare enforcers for patrol.

Patrol Target Details:
------------------------------------------------------------------------
Rank  Coordinates           Risk Score  Expected Violations (M/E/N)   Asset Assigned      
------------------------------------------------------------------------
#22   (12.965, 77.584)      0.5943      M:959 | E:3 | N:253           Interceptor Bike    
#46   (12.964, 77.584)      0.4424      M:762 | E:3 | N:166           Interceptor Bike    
------------------------------------------------------------------------

Instructions:
1. Deploy patrols to the specified coordinate zones during the designated shift hours.
2. Focus enforcement on high-weight vehicle violations and intersections within the cells.
3. Patrol Unit Assigned: Interceptor Bike
4. Confirm patrol completion using the SCITA hand-held units.

Regards,
Bengaluru Traffic Police Command & Control Center
========================================================================


From: dispatch.center@btp.gov.in
To: enforcement.kodigehalli@btp.gov.in
Subject: [BTP DISPATCH] Daily Patrol Enforcement Schedule - Kodigehalli (Morning Shift)
Date: 2026-06-23 (IST)
========================================================================

Dear Patrol Officer-in-Charge (Kodigehalli Traffic Police Station),

The BTP Parking Violation Intelligence Pipeline has generated the daily patrol schedule
for your jurisdiction for the upcoming Morning shift. Please prepare enforcers for patrol.

Patrol Target Details:
------------------------------------------------------------------------
Rank  Coordinates           Risk Score  Expected Violations (M/E/N)   Asset Assigned      
------------------------------------------------------------------------
#49   (13.071, 77.588)      0.4168      M:2939 | E:41 | N:300         Interceptor Bike    
------------------------------------------------------------------------

Instructions:
1. Deploy patrols to the specified coordinate zones during the designated shift hours.
2. Focus enforcement on high-weight vehicle violations and intersections within the cells.
3. Patrol Unit Assigned: Interceptor Bike
4. Confirm patrol completion using the SCITA hand-held units.

Regards,
Bengaluru Traffic Police Command & Control Center
========================================================================


From: dispatch.center@btp.gov.in
To: enforcement.magadiroad@btp.gov.in
Subject: [BTP DISPATCH] Daily Patrol Enforcement Schedule - Magadi Road (Morning Shift)
Date: 2026-06-23 (IST)
========================================================================

Dear Patrol Officer-in-Charge (Magadi Road Traffic Police Station),

The BTP Parking Violation Intelligence Pipeline has generated the daily patrol schedule
for your jurisdiction for the upcoming Morning shift. Please prepare enforcers for patrol.

Patrol Target Details:
------------------------------------------------------------------------
Rank  Coordinates           Risk Score  Expected Violations (M/E/N)   Asset Assigned      
------------------------------------------------------------------------
#35   (12.974, 77.551)      0.5171      M:958 | E:17 | N:132          Interceptor Bike    
#36   (12.973, 77.551)      0.5135      M:1008 | E:1 | N:96           Interceptor Bike    
------------------------------------------------------------------------

Instructions:
1. Deploy patrols to the specified coordinate zones during the designated shift hours.
2. Focus enforcement on high-weight vehicle violations and intersections within the cells.
3. Patrol Unit Assigned: Interceptor Bike
4. Confirm patrol completion using the SCITA hand-held units.

Regards,
Bengaluru Traffic Police Command & Control Center
========================================================================


From: dispatch.center@btp.gov.in
To: enforcement.malleshwaram@btp.gov.in
Subject: [BTP DISPATCH] Daily Patrol Enforcement Schedule - Malleshwaram (Morning Shift)
Date: 2026-06-23 (IST)
========================================================================

Dear Patrol Officer-in-Charge (Malleshwaram Traffic Police Station),

The BTP Parking Violation Intelligence Pipeline has generated the daily patrol schedule
for your jurisdiction for the upcoming Morning shift. Please prepare enforcers for patrol.

Patrol Target Details:
------------------------------------------------------------------------
Rank  Coordinates           Risk Score  Expected Violations (M/E/N)   Asset Assigned      
------------------------------------------------------------------------
#12   (13.000, 77.550)      0.6905      M:1030 | E:25 | N:272         Interceptor Bike    
------------------------------------------------------------------------

Instructions:
1. Deploy patrols to the specified coordinate zones during the designated shift hours.
2. Focus enforcement on high-weight vehicle violations and intersections within the cells.
3. Patrol Unit Assigned: Interceptor Bike
4. Confirm patrol completion using the SCITA hand-held units.

Regards,
Bengaluru Traffic Police Command & Control Center
========================================================================


From: dispatch.center@btp.gov.in
To: enforcement.rajajinagar@btp.gov.in
Subject: [BTP DISPATCH] Daily Patrol Enforcement Schedule - Rajajinagar (Morning Shift)
Date: 2026-06-23 (IST)
========================================================================

Dear Patrol Officer-in-Charge (Rajajinagar Traffic Police Station),

The BTP Parking Violation Intelligence Pipeline has generated the daily patrol schedule
for your jurisdiction for the upcoming Morning shift. Please prepare enforcers for patrol.

Patrol Target Details:
------------------------------------------------------------------------
Rank  Coordinates           Risk Score  Expected Violations (M/E/N)   Asset Assigned      
------------------------------------------------------------------------
#38   (12.999, 77.550)      0.4987      M:668 | E:5 | N:236           Interceptor Bike    
#39   (12.999, 77.549)      0.4981      M:652 | E:3 | N:336           Interceptor Bike    
------------------------------------------------------------------------

Instructions:
1. Deploy patrols to the specified coordinate zones during the designated shift hours.
2. Focus enforcement on high-weight vehicle violations and intersections within the cells.
3. Patrol Unit Assigned: Interceptor Bike
4. Confirm patrol completion using the SCITA hand-held units.

Regards,
Bengaluru Traffic Police Command & Control Center
========================================================================


From: dispatch.center@btp.gov.in
To: enforcement.shivajinagar@btp.gov.in
Subject: [BTP DISPATCH] Daily Patrol Enforcement Schedule - Shivajinagar (Morning Shift)
Date: 2026-06-23 (IST)
========================================================================

Dear Patrol Officer-in-Charge (Shivajinagar Traffic Police Station),

The BTP Parking Violation Intelligence Pipeline has generated the daily patrol schedule
for your jurisdiction for the upcoming Morning shift. Please prepare enforcers for patrol.

Patrol Target Details:
------------------------------------------------------------------------
Rank  Coordinates           Risk Score  Expected Violations (M/E/N)   Asset Assigned      
------------------------------------------------------------------------
#1    (12.981, 77.610)      2.1449      M:4002 | E:262 | N:147        Patrol Jeep         
#9    (12.984, 77.604)      0.8008      M:1053 | E:210 | N:367        Patrol Jeep         
#10   (12.984, 77.603)      0.7834      M:1182 | E:84 | N:383         Patrol Jeep         
#11   (12.982, 77.608)      0.7440      M:1324 | E:39 | N:45          Patrol Jeep         
#15   (12.980, 77.607)      0.6824      M:1092 | E:30 | N:228         Interceptor Bike    
#18   (12.981, 77.609)      0.6299      M:988 | E:72 | N:14           Patrol Jeep         
#20   (12.981, 77.608)      0.6014      M:965 | E:9 | N:100           Interceptor Bike    
#21   (12.982, 77.610)      0.5988      M:963 | E:153 | N:26          Interceptor Bike    
#25   (12.982, 77.606)      0.5866      M:1022 | E:15 | N:80          Interceptor Bike    
#43   (12.981, 77.598)      0.4613      M:497 | E:6 | N:474           Interceptor Bike    
#48   (12.983, 77.611)      0.4201      M:1018 | E:65 | N:40          Interceptor Bike    
------------------------------------------------------------------------

Instructions:
1. Deploy patrols to the specified coordinate zones during the designated shift hours.
2. Focus enforcement on high-weight vehicle violations and intersections within the cells.
3. Patrol Unit Assigned: Patrol Jeep
4. Confirm patrol completion using the SCITA hand-held units.

Regards,
Bengaluru Traffic Police Command & Control Center
========================================================================


From: dispatch.center@btp.gov.in
To: enforcement.upparpet@btp.gov.in
Subject: [BTP DISPATCH] Daily Patrol Enforcement Schedule - Upparpet (Morning Shift)
Date: 2026-06-23 (IST)
========================================================================

Dear Patrol Officer-in-Charge (Upparpet Traffic Police Station),

The BTP Parking Violation Intelligence Pipeline has generated the daily patrol schedule
for your jurisdiction for the upcoming Morning shift. Please prepare enforcers for patrol.

Patrol Target Details:
------------------------------------------------------------------------
Rank  Coordinates           Risk Score  Expected Violations (M/E/N)   Asset Assigned      
------------------------------------------------------------------------
#3    (12.977, 77.576)      1.5944      M:2202 | E:53 | N:926         Interceptor Bike    
#4    (12.973, 77.579)      1.1237      M:1642 | E:42 | N:682         Interceptor Bike    
#5    (12.977, 77.577)      1.0023      M:1397 | E:31 | N:479         Patrol Jeep         
#6    (12.976, 77.577)      0.9292      M:1453 | E:53 | N:289         Interceptor Bike    
#13   (12.975, 77.576)      0.6866      M:1098 | E:31 | N:148         Interceptor Bike    
#14   (12.977, 77.580)      0.6827      M:871 | E:9 | N:377           Patrol Jeep         
#16   (12.976, 77.578)      0.6799      M:992 | E:9 | N:206           Interceptor Bike    
#19   (12.976, 77.576)      0.6163      M:750 | E:31 | N:393          Interceptor Bike    
#23   (12.974, 77.579)      0.5927      M:826 | E:14 | N:238          Interceptor Bike    
#24   (12.978, 77.574)      0.5899      M:641 | E:45 | N:481          Patrol Jeep         
#28   (12.978, 77.575)      0.5445      M:754 | E:37 | N:244          Interceptor Bike    
#29   (12.980, 77.575)      0.5400      M:530 | E:36 | N:467          Patrol Jeep         
#31   (12.977, 77.579)      0.5375      M:502 | E:5 | N:449           Patrol Jeep         
#32   (12.979, 77.575)      0.5345      M:553 | E:48 | N:338          Patrol Jeep         
#34   (12.974, 77.578)      0.5185      M:688 | E:9 | N:197           Patrol Jeep         
#44   (12.977, 77.578)      0.4438      M:467 | E:42 | N:202          Patrol Jeep         
#50   (12.975, 77.575)      0.4137      M:448 | E:8 | N:157           Patrol Jeep         
------------------------------------------------------------------------

Instructions:
1. Deploy patrols to the specified coordinate zones during the designated shift hours.
2. Focus enforcement on high-weight vehicle violations and intersections within the cells.
3. Patrol Unit Assigned: Interceptor Bike
4. Confirm patrol completion using the SCITA hand-held units.

Regards,
Bengaluru Traffic Police Command & Control Center
========================================================================


From: dispatch.center@btp.gov.in
To: enforcement.upparpet@btp.gov.in
Subject: [BTP DISPATCH] Daily Patrol Enforcement Schedule - Upparpet (Night Shift)
Date: 2026-06-23 (IST)
========================================================================

Dear Patrol Officer-in-Charge (Upparpet Traffic Police Station),

The BTP Parking Violation Intelligence Pipeline has generated the daily patrol schedule
for your jurisdiction for the upcoming Night shift. Please prepare enforcers for patrol.

Patrol Target Details:
------------------------------------------------------------------------
Rank  Coordinates           Risk Score  Expected Violations (M/E/N)   Asset Assigned      
------------------------------------------------------------------------
#27   (12.979, 77.579)      0.5447      M:342 | E:0 | N:610           Patrol Jeep         
#41   (12.979, 77.578)      0.4947      M:247 | E:0 | N:626           Patrol Jeep         
#42   (12.978, 77.577)      0.4614      M:336 | E:1 | N:464           Patrol Jeep         
#45   (12.978, 77.579)      0.4436      M:195 | E:2 | N:609           Patrol Jeep         
------------------------------------------------------------------------

Instructions:
1. Deploy patrols to the specified coordinate zones during the designated shift hours.
2. Focus enforcement on high-weight vehicle violations and intersections within the cells.
3. Patrol Unit Assigned: Patrol Jeep
4. Confirm patrol completion using the SCITA hand-held units.

Regards,
Bengaluru Traffic Police Command & Control Center
========================================================================


From: dispatch.center@btp.gov.in
To: enforcement.vijayanagara@btp.gov.in
Subject: [BTP DISPATCH] Daily Patrol Enforcement Schedule - Vijayanagara (Morning Shift)
Date: 2026-06-23 (IST)
========================================================================

Dear Patrol Officer-in-Charge (Vijayanagara Traffic Police Station),

The BTP Parking Violation Intelligence Pipeline has generated the daily patrol schedule
for your jurisdiction for the upcoming Morning shift. Please prepare enforcers for patrol.

Patrol Target Details:
------------------------------------------------------------------------
Rank  Coordinates           Risk Score  Expected Violations (M/E/N)   Asset Assigned      
------------------------------------------------------------------------
#8    (12.974, 77.545)      0.8082      M:1003 | E:11 | N:752         Interceptor Bike    
#26   (12.965, 77.539)      0.5590      M:801 | E:10 | N:591          Interceptor Bike    
#40   (12.975, 77.545)      0.4951      M:640 | E:1 | N:370           Interceptor Bike    
------------------------------------------------------------------------

Instructions:
1. Deploy patrols to the specified coordinate zones during the designated shift hours.
2. Focus enforcement on high-weight vehicle violations and intersections within the cells.
3. Patrol Unit Assigned: Interceptor Bike
4. Confirm patrol completion using the SCITA hand-held units.

Regards,
Bengaluru Traffic Police Command & Control Center
========================================================================
